# JRE version: OpenJDK Runtime Environment (8.0_112-b06) (build 1.8.0_112-release-b06)
# Java VM: OpenJDK 64-Bit Server VM (25.112-b06 mixed mode windows-amd64 compressed oops)
Heap:
 PSYoungGen      total 66560K, used 41067K [0x00000000e0000000, 0x00000000e5700000, 0x0000000100000000)
  eden space 56320K, 72% used [0x00000000e0000000,0x00000000e281afd0,0x00000000e3700000)
  from space 10240K, 0% used [0x00000000e3700000,0x00000000e3700000,0x00000000e4100000)
  to   space 11264K, 0% used [0x00000000e4c00000,0x00000000e4c00000,0x00000000e5700000)
 ParOldGen       total 70656K, used 15802K [0x00000000a0000000, 0x00000000a4500000, 0x00000000e0000000)
  object space 70656K, 22% used [0x00000000a0000000,0x00000000a0f6e8d0,0x00000000a4500000)
 Metaspace       used 37243K, capacity 37954K, committed 38272K, reserved 1083392K
  class space    used 4954K, capacity 5160K, committed 5248K, reserved 1048576K
GC Heap History (10 events):
Event: 14.364 GC heap before
{Heap before GC invocations=7 (full 1):
 PSYoungGen      total 38400K, used 38066K [0x00000000e0000000, 0x00000000e3f80000, 0x0000000100000000)
  eden space 33280K, 100% used [0x00000000e0000000,0x00000000e2080000,0x00000000e2080000)
  from space 5120K, 93% used [0x00000000e2080000,0x00000000e252ca48,0x00000000e2580000)
  to   space 10752K, 0% used [0x00000000e3500000,0x00000000e3500000,0x00000000e3f80000)
 ParOldGen       total 70656K, used 9118K [0x00000000a0000000, 0x00000000a4500000, 0x00000000e0000000)
  object space 70656K, 12% used [0x00000000a0000000,0x00000000a08e7870,0x00000000a4500000)
 Metaspace       used 26079K, capacity 26496K, committed 26752K, reserved 1073152K
  class space    used 3586K, capacity 3693K, committed 3712K, reserved 1048576K
Event: 14.375 GC heap after
Heap after GC invocations=7 (full 1):
 PSYoungGen      total 51200K, used 5229K [0x00000000e0000000, 0x00000000e3d80000, 0x0000000100000000)
  eden space 42496K, 0% used [0x00000000e0000000,0x00000000e0000000,0x00000000e2980000)
  from space 8704K, 60% used [0x00000000e3500000,0x00000000e3a1b5c8,0x00000000e3d80000)
  to   space 10240K, 0% used [0x00000000e2980000,0x00000000e2980000,0x00000000e3380000)
 ParOldGen       total 70656K, used 9126K [0x00000000a0000000, 0x00000000a4500000, 0x00000000e0000000)
  object space 70656K, 12% used [0x00000000a0000000,0x00000000a08e9870,0x00000000a4500000)
 Metaspace       used 26079K, capacity 26496K, committed 26752K, reserved 1073152K
  class space    used 3586K, capacity 3693K, committed 3712K, reserved 1048576K
}
Event: 21.387 GC heap before
{Heap before GC invocations=8 (full 1):
 PSYoungGen      total 51200K, used 47725K [0x00000000e0000000, 0x00000000e3d80000, 0x0000000100000000)
  eden space 42496K, 100% used [0x00000000e0000000,0x00000000e2980000,0x00000000e2980000)
  from space 8704K, 60% used [0x00000000e3500000,0x00000000e3a1b5c8,0x00000000e3d80000)
  to   space 10240K, 0% used [0x00000000e2980000,0x00000000e2980000,0x00000000e3380000)
 ParOldGen       total 70656K, used 9126K [0x00000000a0000000, 0x00000000a4500000, 0x00000000e0000000)
  object space 70656K, 12% used [0x00000000a0000000,0x00000000a08e9870,0x00000000a4500000)
 Metaspace       used 28820K, capacity 29280K, committed 29440K, reserved 1075200K
  class space    used 3904K, capacity 4045K, committed 4096K, reserved 1048576K
Event: 21.533 GC heap after
Heap after GC invocations=8 (full 1):
 PSYoungGen      total 52736K, used 5766K [0x00000000e0000000, 0x00000000e4b00000, 0x0000000100000000)
  eden space 42496K, 0% used [0x00000000e0000000,0x00000000e0000000,0x00000000e2980000)
  from space 10240K, 56% used [0x00000000e2980000,0x00000000e2f21a50,0x00000000e3380000)
  to   space 9728K, 0% used [0x00000000e4180000,0x00000000e4180000,0x00000000e4b00000)
 ParOldGen       total 70656K, used 9134K [0x00000000a0000000, 0x00000000a4500000, 0x00000000e0000000)
  object space 70656K, 12% used [0x00000000a0000000,0x00000000a08eb870,0x00000000a4500000)
 Metaspace       used 28820K, capacity 29280K, committed 29440K, reserved 1075200K
  class space    used 3904K, capacity 4045K, committed 4096K, reserved 1048576K
}
Event: 37.944 GC heap before
{Heap before GC invocations=9 (full 1):
 PSYoungGen      total 52736K, used 48262K [0x00000000e0000000, 0x00000000e4b00000, 0x0000000100000000)
  eden space 42496K, 100% used [0x00000000e0000000,0x00000000e2980000,0x00000000e2980000)
  from space 10240K, 56% used [0x00000000e2980000,0x00000000e2f21a50,0x00000000e3380000)
  to   space 9728K, 0% used [0x00000000e4180000,0x00000000e4180000,0x00000000e4b00000)
 ParOldGen       total 70656K, used 9134K [0x00000000a0000000, 0x00000000a4500000, 0x00000000e0000000)
  object space 70656K, 12% used [0x00000000a0000000,0x00000000a08eb870,0x00000000a4500000)
 Metaspace       used 32132K, capacity 32646K, committed 32896K, reserved 1077248K
  class space    used 4313K, capacity 4467K, committed 4480K, reserved 1048576K
Event: 38.027 GC heap after
Heap after GC invocations=9 (full 1):
 PSYoungGen      total 66048K, used 8384K [0x00000000e0000000, 0x00000000e4b00000, 0x0000000100000000)
  eden space 56320K, 0% used [0x00000000e0000000,0x00000000e0000000,0x00000000e3700000)
  from space 9728K, 86% used [0x00000000e4180000,0x00000000e49b0048,0x00000000e4b00000)
  to   space 10240K, 0% used [0x00000000e3700000,0x00000000e3700000,0x00000000e4100000)
 ParOldGen       total 70656K, used 9206K [0x00000000a0000000, 0x00000000a4500000, 0x00000000e0000000)
  object space 70656K, 13% used [0x00000000a0000000,0x00000000a08fd880,0x00000000a4500000)
 Metaspace       used 32132K, capacity 32646K, committed 32896K, reserved 1077248K
  class space    used 4313K, capacity 4467K, committed 4480K, reserved 1048576K
}
Event: 41.820 GC heap before
{Heap before GC invocations=10 (full 1):
 PSYoungGen      total 66048K, used 55815K [0x00000000e0000000, 0x00000000e4b00000, 0x0000000100000000)
  eden space 56320K, 84% used [0x00000000e0000000,0x00000000e2e51ed0,0x00000000e3700000)
  from space 9728K, 86% used [0x00000000e4180000,0x00000000e49b0048,0x00000000e4b00000)
  to   space 10240K, 0% used [0x00000000e3700000,0x00000000e3700000,0x00000000e4100000)
 ParOldGen       total 70656K, used 9206K [0x00000000a0000000, 0x00000000a4500000, 0x00000000e0000000)
  object space 70656K, 13% used [0x00000000a0000000,0x00000000a08fd880,0x00000000a4500000)
 Metaspace       used 34779K, capacity 35336K, committed 35496K, reserved 1079296K
  class space    used 4635K, capacity 4810K, committed 4864K, reserved 1048576K
Event: 41.839 GC heap after
Heap after GC invocations=10 (full 1):
 PSYoungGen      total 66560K, used 9583K [0x00000000e0000000, 0x00000000e5700000, 0x0000000100000000)
  eden space 56320K, 0% used [0x00000000e0000000,0x00000000e0000000,0x00000000e3700000)
  from space 10240K, 93% used [0x00000000e3700000,0x00000000e405bc90,0x00000000e4100000)
  to   space 11264K, 0% used [0x00000000e4c00000,0x00000000e4c00000,0x00000000e5700000)
 ParOldGen       total 70656K, used 9214K [0x00000000a0000000, 0x00000000a4500000, 0x00000000e0000000)
  object space 70656K, 13% used [0x00000000a0000000,0x00000000a08ff880,0x00000000a4500000)
 Metaspace       used 34779K, capacity 35336K, committed 35496K, reserved 1079296K
  class space    used 4635K, capacity 4810K, committed 4864K, reserved 1048576K
}
Event: 41.839 GC heap before
{Heap before GC invocations=11 (full 2):
 PSYoungGen      total 66560K, used 9583K [0x00000000e0000000, 0x00000000e5700000, 0x0000000100000000)
  eden space 56320K, 0% used [0x00000000e0000000,0x00000000e0000000,0x00000000e3700000)
  from space 10240K, 93% used [0x00000000e3700000,0x00000000e405bc90,0x00000000e4100000)
  to   space 11264K, 0% used [0x00000000e4c00000,0x00000000e4c00000,0x00000000e5700000)
 ParOldGen       total 70656K, used 9214K [0x00000000a0000000, 0x00000000a4500000, 0x00000000e0000000)
  object space 70656K, 13% used [0x00000000a0000000,0x00000000a08ff880,0x00000000a4500000)
 Metaspace       used 34779K, capacity 35336K, committed 35496K, reserved 1079296K
  class space    used 4635K, capacity 4810K, committed 4864K, reserved 1048576K
Event: 42.133 GC heap after
Heap after GC invocations=11 (full 2):
 PSYoungGen      total 66560K, used 0K [0x00000000e0000000, 0x00000000e5700000, 0x0000000100000000)
  eden space 56320K, 0% used [0x00000000e0000000,0x00000000e0000000,0x00000000e3700000)
  from space 10240K, 0% used [0x00000000e3700000,0x00000000e3700000,0x00000000e4100000)
  to   space 11264K, 0% used [0x00000000e4c00000,0x00000000e4c00000,0x00000000e5700000)
 ParOldGen       total 70656K, used 15802K [0x00000000a0000000, 0x00000000a4500000, 0x00000000e0000000)
  object space 70656K, 22% used [0x00000000a0000000,0x00000000a0f6e8d0,0x00000000a4500000)
 Metaspace       used 34779K, capacity 35336K, committed 35496K, reserved 1079296K
  class space    used 4635K, capacity 4810K, committed 4864K, reserved 1048576K
}

