# JRE version: OpenJDK Runtime Environment (8.0_112-b06) (build 1.8.0_112-release-b06)
# Java VM: OpenJDK 64-Bit Server VM (25.112-b06 mixed mode windows-amd64 compressed oops)
Heap:
 PSYoungGen      total 194048K, used 78492K [0x00000000e0000000, 0x00000000ee400000, 0x0000000100000000)
  eden space 167936K, 39% used [0x00000000e0000000,0x00000000e403bc20,0x00000000ea400000)
  from space 26112K, 48% used [0x00000000eca80000,0x00000000ed6eb528,0x00000000ee400000)
  to   space 32768K, 0% used [0x00000000ea400000,0x00000000ea400000,0x00000000ec400000)
 ParOldGen       total 141824K, used 67581K [0x00000000a0000000, 0x00000000a8a80000, 0x00000000e0000000)
  object space 141824K, 47% used [0x00000000a0000000,0x00000000a41ff650,0x00000000a8a80000)
 Metaspace       used 85444K, capacity 90804K, committed 91008K, reserved 1128448K
  class space    used 10938K, capacity 11822K, committed 11904K, reserved 1048576K
GC Heap History (10 events):
Event: 6533.184 GC heap before
{Heap before GC invocations=25 (full 3):
 PSYoungGen      total 229376K, used 228958K [0x00000000e0000000, 0x00000000f0880000, 0x0000000100000000)
  eden space 198144K, 100% used [0x00000000e0000000,0x00000000ec180000,0x00000000ec180000)
  from space 31232K, 98% used [0x00000000eda80000,0x00000000ef897aa0,0x00000000ef900000)
  to   space 15872K, 0% used [0x00000000ef900000,0x00000000ef900000,0x00000000f0880000)
 ParOldGen       total 141824K, used 59195K [0x00000000a0000000, 0x00000000a8a80000, 0x00000000e0000000)
  object space 141824K, 41% used [0x00000000a0000000,0x00000000a39ced90,0x00000000a8a80000)
 Metaspace       used 83460K, capacity 87710K, committed 87808K, reserved 1126400K
  class space    used 10735K, capacity 11499K, committed 11520K, reserved 1048576K
Event: 6533.250 GC heap after
Heap after GC invocations=25 (full 3):
 PSYoungGen      total 207360K, used 15853K [0x00000000e0000000, 0x00000000f0880000, 0x0000000100000000)
  eden space 191488K, 0% used [0x00000000e0000000,0x00000000e0000000,0x00000000ebb00000)
  from space 15872K, 99% used [0x00000000ef900000,0x00000000f087b548,0x00000000f0880000)
  to   space 36864K, 0% used [0x00000000ec080000,0x00000000ec080000,0x00000000ee480000)
 ParOldGen       total 141824K, used 66413K [0x00000000a0000000, 0x00000000a8a80000, 0x00000000e0000000)
  object space 141824K, 46% used [0x00000000a0000000,0x00000000a40db5e0,0x00000000a8a80000)
 Metaspace       used 83460K, capacity 87710K, committed 87808K, reserved 1126400K
  class space    used 10735K, capacity 11499K, committed 11520K, reserved 1048576K
}
Event: 6762.024 GC heap before
{Heap before GC invocations=26 (full 3):
 PSYoungGen      total 207360K, used 207341K [0x00000000e0000000, 0x00000000f0880000, 0x0000000100000000)
  eden space 191488K, 100% used [0x00000000e0000000,0x00000000ebb00000,0x00000000ebb00000)
  from space 15872K, 99% used [0x00000000ef900000,0x00000000f087b548,0x00000000f0880000)
  to   space 36864K, 0% used [0x00000000ec080000,0x00000000ec080000,0x00000000ee480000)
 ParOldGen       total 141824K, used 66413K [0x00000000a0000000, 0x00000000a8a80000, 0x00000000e0000000)
  object space 141824K, 46% used [0x00000000a0000000,0x00000000a40db5e0,0x00000000a8a80000)
 Metaspace       used 84086K, capacity 88796K, committed 88960K, reserved 1126400K
  class space    used 10807K, capacity 11600K, committed 11648K, reserved 1048576K
Event: 6762.068 GC heap after
Heap after GC invocations=26 (full 3):
 PSYoungGen      total 202752K, used 17277K [0x00000000e0000000, 0x00000000ef980000, 0x0000000100000000)
  eden space 185344K, 0% used [0x00000000e0000000,0x00000000e0000000,0x00000000eb500000)
  from space 17408K, 99% used [0x00000000ec080000,0x00000000ed15f578,0x00000000ed180000)
  to   space 34816K, 0% used [0x00000000ed780000,0x00000000ed780000,0x00000000ef980000)
 ParOldGen       total 141824K, used 67557K [0x00000000a0000000, 0x00000000a8a80000, 0x00000000e0000000)
  object space 141824K, 47% used [0x00000000a0000000,0x00000000a41f9650,0x00000000a8a80000)
 Metaspace       used 84086K, capacity 88796K, committed 88960K, reserved 1126400K
  class space    used 10807K, capacity 11600K, committed 11648K, reserved 1048576K
}
Event: 10263.445 GC heap before
{Heap before GC invocations=27 (full 3):
 PSYoungGen      total 202752K, used 202621K [0x00000000e0000000, 0x00000000ef980000, 0x0000000100000000)
  eden space 185344K, 100% used [0x00000000e0000000,0x00000000eb500000,0x00000000eb500000)
  from space 17408K, 99% used [0x00000000ec080000,0x00000000ed15f578,0x00000000ed180000)
  to   space 34816K, 0% used [0x00000000ed780000,0x00000000ed780000,0x00000000ef980000)
 ParOldGen       total 141824K, used 67557K [0x00000000a0000000, 0x00000000a8a80000, 0x00000000e0000000)
  object space 141824K, 47% used [0x00000000a0000000,0x00000000a41f9650,0x00000000a8a80000)
 Metaspace       used 84494K, capacity 89504K, committed 89856K, reserved 1128448K
  class space    used 10856K, capacity 11678K, committed 11776K, reserved 1048576K
Event: 10263.569 GC heap after
Heap after GC invocations=27 (full 3):
 PSYoungGen      total 206336K, used 20626K [0x00000000e0000000, 0x00000000ef200000, 0x0000000100000000)
  eden space 179200K, 0% used [0x00000000e0000000,0x00000000e0000000,0x00000000eaf00000)
  from space 27136K, 76% used [0x00000000ed780000,0x00000000eeba49a8,0x00000000ef200000)
  to   space 34304K, 0% used [0x00000000eaf00000,0x00000000eaf00000,0x00000000ed080000)
 ParOldGen       total 141824K, used 67565K [0x00000000a0000000, 0x00000000a8a80000, 0x00000000e0000000)
  object space 141824K, 47% used [0x00000000a0000000,0x00000000a41fb650,0x00000000a8a80000)
 Metaspace       used 84494K, capacity 89504K, committed 89856K, reserved 1128448K
  class space    used 10856K, capacity 11678K, committed 11776K, reserved 1048576K
}
Event: 13588.718 GC heap before
{Heap before GC invocations=28 (full 3):
 PSYoungGen      total 206336K, used 199826K [0x00000000e0000000, 0x00000000ef200000, 0x0000000100000000)
  eden space 179200K, 100% used [0x00000000e0000000,0x00000000eaf00000,0x00000000eaf00000)
  from space 27136K, 76% used [0x00000000ed780000,0x00000000eeba49a8,0x00000000ef200000)
  to   space 34304K, 0% used [0x00000000eaf00000,0x00000000eaf00000,0x00000000ed080000)
 ParOldGen       total 141824K, used 67565K [0x00000000a0000000, 0x00000000a8a80000, 0x00000000e0000000)
  object space 141824K, 47% used [0x00000000a0000000,0x00000000a41fb650,0x00000000a8a80000)
 Metaspace       used 84953K, capacity 90096K, committed 90368K, reserved 1128448K
  class space    used 10881K, capacity 11716K, committed 11776K, reserved 1048576K
Event: 13588.872 GC heap after
Heap after GC invocations=28 (full 3):
 PSYoungGen      total 185856K, used 11869K [0x00000000e0000000, 0x00000000eeb80000, 0x0000000100000000)
  eden space 173568K, 0% used [0x00000000e0000000,0x00000000e0000000,0x00000000ea980000)
  from space 12288K, 96% used [0x00000000eaf00000,0x00000000eba97538,0x00000000ebb00000)
  to   space 33792K, 0% used [0x00000000eca80000,0x00000000eca80000,0x00000000eeb80000)
 ParOldGen       total 141824K, used 67573K [0x00000000a0000000, 0x00000000a8a80000, 0x00000000e0000000)
  object space 141824K, 47% used [0x00000000a0000000,0x00000000a41fd650,0x00000000a8a80000)
 Metaspace       used 84953K, capacity 90096K, committed 90368K, reserved 1128448K
  class space    used 10881K, capacity 11716K, committed 11776K, reserved 1048576K
}
Event: 13665.846 GC heap before
{Heap before GC invocations=29 (full 3):
 PSYoungGen      total 185856K, used 185437K [0x00000000e0000000, 0x00000000eeb80000, 0x0000000100000000)
  eden space 173568K, 100% used [0x00000000e0000000,0x00000000ea980000,0x00000000ea980000)
  from space 12288K, 96% used [0x00000000eaf00000,0x00000000eba97538,0x00000000ebb00000)
  to   space 33792K, 0% used [0x00000000eca80000,0x00000000eca80000,0x00000000eeb80000)
 ParOldGen       total 141824K, used 67573K [0x00000000a0000000, 0x00000000a8a80000, 0x00000000e0000000)
  object space 141824K, 47% used [0x00000000a0000000,0x00000000a41fd650,0x00000000a8a80000)
 Metaspace       used 85289K, capacity 90648K, committed 90752K, reserved 1128448K
  class space    used 10920K, capacity 11804K, committed 11904K, reserved 1048576K
Event: 13665.970 GC heap after
Heap after GC invocations=29 (full 3):
 PSYoungGen      total 194048K, used 12717K [0x00000000e0000000, 0x00000000ee400000, 0x0000000100000000)
  eden space 167936K, 0% used [0x00000000e0000000,0x00000000e0000000,0x00000000ea400000)
  from space 26112K, 48% used [0x00000000eca80000,0x00000000ed6eb528,0x00000000ee400000)
  to   space 32768K, 0% used [0x00000000ea400000,0x00000000ea400000,0x00000000ec400000)
 ParOldGen       total 141824K, used 67581K [0x00000000a0000000, 0x00000000a8a80000, 0x00000000e0000000)
  object space 141824K, 47% used [0x00000000a0000000,0x00000000a41ff650,0x00000000a8a80000)
 Metaspace       used 85289K, capacity 90648K, committed 90752K, reserved 1128448K
  class space    used 10920K, capacity 11804K, committed 11904K, reserved 1048576K
}

